<?xml version="1.0" encoding="UTF-8"?>
<!-- Generated by org.testng.reporters.JUnitReportReporter -->
<testsuite hostname="Mathi" failures="0" tests="3" name="advancedSelenium.Tc_CBC_01" time="85.314" errors="1" timestamp="2023-12-19T15:44:11 IST" skipped="1">
  <testcase classname="advancedSelenium.Tc_CBC_01" name="toLaunchBrowser" time="71.036">
    <error message="Unable to obtain: Capabilities {browserName: MicrosoftEdge, ms:edgeOptions: {args: [--remote-allow-origins=*], extensions: []}}, error Command failed with code: 65, executed: [C:\Users\mathi\AppData\Local\Temp\selenium-manager284978340042006172239662632188870\selenium-manager.exe, --browser, MicrosoftEdge, --output, json]
The process cannot access the file because it is being used by another process. (os error 32)
Build info: version: &#039;4.11.0&#039;, revision: &#039;040bc5406b&#039;
System info: os.name: &#039;Windows 11&#039;, os.arch: &#039;amd64&#039;, os.version: &#039;10.0&#039;, java.version: &#039;17.0.4.1&#039;
Driver info: driver.version: EdgeDriver" type="org.openqa.selenium.remote.NoSuchDriverException">
      <![CDATA[org.openqa.selenium.remote.NoSuchDriverException: Unable to obtain: Capabilities {browserName: MicrosoftEdge, ms:edgeOptions: {args: [--remote-allow-origins=*], extensions: []}}, error Command failed with code: 65, executed: [C:\Users\mathi\AppData\Local\Temp\selenium-manager284978340042006172239662632188870\selenium-manager.exe, --browser, MicrosoftEdge, --output, json]
The process cannot access the file because it is being used by another process. (os error 32)
Build info: version: '4.11.0', revision: '040bc5406b'
System info: os.name: 'Windows 11', os.arch: 'amd64', os.version: '10.0', java.version: '17.0.4.1'
Driver info: driver.version: EdgeDriver
at org.openqa.selenium.remote.service.DriverFinder.getPath(DriverFinder.java:25)
at org.openqa.selenium.remote.service.DriverFinder.getPath(DriverFinder.java:13)
at org.openqa.selenium.edge.EdgeDriver.generateExecutor(EdgeDriver.java:71)
at org.openqa.selenium.edge.EdgeDriver.<init>(EdgeDriver.java:60)
at org.openqa.selenium.edge.EdgeDriver.<init>(EdgeDriver.java:56)
at org.openqa.selenium.edge.EdgeDriver.<init>(EdgeDriver.java:48)
at org.openqa.selenium.edge.EdgeDriver.<init>(EdgeDriver.java:44)
at advancedSelenium.BaseClass_crossCheckBrowser.toLaunchBrowser(BaseClass_crossCheckBrowser.java:26)
at java.base/jdk.internal.reflect.NativeMethodAccessorImpl.invoke0(Native Method)
at java.base/jdk.internal.reflect.NativeMethodAccessorImpl.invoke(NativeMethodAccessorImpl.java:77)
at java.base/jdk.internal.reflect.DelegatingMethodAccessorImpl.invoke(DelegatingMethodAccessorImpl.java:43)
at java.base/java.lang.reflect.Method.invoke(Method.java:568)
at org.testng.internal.invokers.MethodInvocationHelper.invokeMethod(MethodInvocationHelper.java:139)
at org.testng.internal.invokers.MethodInvocationHelper.invokeMethodConsideringTimeout(MethodInvocationHelper.java:69)
at org.testng.internal.invokers.ConfigInvoker.invokeConfigurationMethod(ConfigInvoker.java:390)
at org.testng.internal.invokers.ConfigInvoker.invokeConfigurations(ConfigInvoker.java:325)
at org.testng.internal.invokers.TestMethodWorker.invokeBeforeClassMethods(TestMethodWorker.java:180)
at org.testng.internal.invokers.TestMethodWorker.run(TestMethodWorker.java:122)
at java.base/java.util.concurrent.ThreadPoolExecutor.runWorker(ThreadPoolExecutor.java:1136)
at java.base/java.util.concurrent.ThreadPoolExecutor$Worker.run(ThreadPoolExecutor.java:635)
at java.base/java.lang.Thread.run(Thread.java:833)
Caused by: org.openqa.selenium.WebDriverException: Command failed with code: 65, executed: [C:\Users\mathi\AppData\Local\Temp\selenium-manager284978340042006172239662632188870\selenium-manager.exe, --browser, MicrosoftEdge, --output, json]
The process cannot access the file because it is being used by another process. (os error 32)
Build info: version: '4.11.0', revision: '040bc5406b'
System info: os.name: 'Windows 11', os.arch: 'amd64', os.version: '10.0', java.version: '17.0.4.1'
Driver info: driver.version: EdgeDriver
at org.openqa.selenium.manager.SeleniumManager.runCommand(SeleniumManager.java:151)
at org.openqa.selenium.manager.SeleniumManager.getDriverPath(SeleniumManager.java:273)
at org.openqa.selenium.remote.service.DriverFinder.getPath(DriverFinder.java:22)
... 20 more
]]>
    </error>
  </testcase> <!-- toLaunchBrowser -->
  <testcase classname="advancedSelenium.Tc_CBC_01" name="books" time="0.000">
    <skipped/>
  </testcase> <!-- books -->
  <testcase classname="advancedSelenium.Tc_CBC_01" name="books" time="14.278">
    <system-out>
      <![CDATA[Books got opened successfully]]>
    </system-out>
  </testcase> <!-- books -->
  <system-out>
    <![CDATA[browser got launched
browser got maximised successfully
browser got launched
browser got maximised successfully
Navigated to welcome page successfully
Navigated to welcome page successfully
Navigated to home page successfully
Navigated to home page successfully
navigated to computers page successfully
Page got logout successfully
browser got closed successfully
Books got opened successfully
Page got logout successfully
browser got closed successfully
browser got launched
browser got maximised successfully
Navigated to welcome page successfully
Navigated to home page successfully
navigated to computers page successfully
Page got logout successfully
browser got closed successfully]]>
  </system-out>
</testsuite> <!-- advancedSelenium.Tc_CBC_01 -->
